Source/proguard_logs/seeds.txt
com.jtronlabs.space_shooter.GameActivity
com.jtronlabs.space_shooter.GameActivity: GameActivity()
com.jtronlabs.space_shooter.MainActivity
com.jtronlabs.space_shooter.MainActivity: MainActivity()
com.jtronlabs.space_shooter.MainActivity: void onClick(android.view.View)
com.jtronlabs.space_shooter.R$array: int gun_descriptions
com.jtronlabs.space_shooter.R$array: int gun_upgrade_costs
com.jtronlabs.space_shooter.R$attr: int adSize
com.jtronlabs.space_shooter.R$attr: int adSizes
com.jtronlabs.space_shooter.R$attr: int adUnitId
com.jtronlabs.space_shooter.R$attr: int appTheme
com.jtronlabs.space_shooter.R$attr: int buyButtonAppearance
com.jtronlabs.space_shooter.R$attr: int buyButtonHeight
com.jtronlabs.space_shooter.R$attr: int buyButtonText
com.jtronlabs.space_shooter.R$attr: int buyButtonWidth
com.jtronlabs.space_shooter.R$attr: int cameraBearing
com.jtronlabs.space_shooter.R$attr: int cameraTargetLat
com.jtronlabs.space_shooter.R$attr: int cameraTargetLng
com.jtronlabs.space_shooter.R$attr: int cameraTilt
com.jtronlabs.space_shooter.R$attr: int cameraZoom
com.jtronlabs.space_shooter.R$attr: int circleCrop
com.jtronlabs.space_shooter.R$attr: int custom_font
com.jtronlabs.space_shooter.R$attr: int environment
com.jtronlabs.space_shooter.R$attr: int fragmentMode
com.jtronlabs.space_shooter.R$attr: int fragmentStyle
com.jtronlabs.space_shooter.R$attr: int imageAspectRatio
com.jtronlabs.space_shooter.R$attr: int imageAspectRatioAdjust
com.jtronlabs.space_shooter.R$attr: int liteMode
com.jtronlabs.space_shooter.R$attr: int mapType
com.jtronlabs.space_shooter.R$attr: int maskedWalletDetailsBackground
com.jtronlabs.space_shooter.R$attr: int maskedWalletDetailsButtonBackground
com.jtronlabs.space_shooter.R$attr: int maskedWalletDetailsButtonTextAppearance
com.jtronlabs.space_shooter.R$attr: int maskedWalletDetailsHeaderTextAppearance
com.jtronlabs.space_shooter.R$color: int black
com.jtronlabs.space_shooter.R$color: int blue
com.jtronlabs.space_shooter.R$color: int common_action_bar_splitter
com.jtronlabs.space_shooter.R$color: int common_signin_btn_dark_text_default
com.jtronlabs.space_shooter.R$color: int common_signin_btn_dark_text_disabled
com.jtronlabs.space_shooter.R$color: int common_signin_btn_dark_text_focused
com.jtronlabs.space_shooter.R$color: int common_signin_btn_dark_text_pressed
com.jtronlabs.space_shooter.R$color: int common_signin_btn_default_background
com.jtronlabs.space_shooter.R$color: int common_signin_btn_light_text_default
com.jtronlabs.space_shooter.R$color: int common_signin_btn_light_text_disabled
com.jtronlabs.space_shooter.R$color: int common_signin_btn_light_text_focused
com.jtronlabs.space_shooter.R$color: int common_signin_btn_light_text_pressed
com.jtronlabs.space_shooter.R$color: int common_signin_btn_text_dark
com.jtronlabs.space_shooter.R$color: int common_signin_btn_text_light
com.jtronlabs.space_shooter.R$color: int dark_blue
com.jtronlabs.space_shooter.R$color: int dark_gray
com.jtronlabs.space_shooter.R$color: int dark_green
com.jtronlabs.space_shooter.R$color: int dark_red
com.jtronlabs.space_shooter.R$color: int dark_yellow
com.jtronlabs.space_shooter.R$color: int gray
com.jtronlabs.space_shooter.R$color: int light_blue
com.jtronlabs.space_shooter.R$color: int light_green
com.jtronlabs.space_shooter.R$color: int light_red
...
com.google.android.gms.fitness.result.DataSourceStatsResult: android.os.Parcelable$Creator CREATOR
com.google.android.gms.fitness.result.DataSourcesResult: android.os.Parcelable$Creator CREATOR
com.google.android.gms.fitness.result.DataStatsResult: android.os.Parcelable$Creator CREATOR
com.google.android.gms.fitness.result.DataTypeResult: android.os.Parcelable$Creator CREATOR
com.google.android.gms.fitness.result.ListSubscriptionsResult: android.os.Parcelable$Creator CREATOR
com.google.android.gms.fitness.result.ReadRawResult: android.os.Parcelable$Creator CREATOR
com.google.android.gms.fitness.result.SessionReadResult: android.os.Parcelable$Creator CREATOR
com.google.android.gms.fitness.result.SessionStopResult: android.os.Parcelable$Creator CREATOR
com.google.android.gms.fitness.result.SyncInfoResult: android.os.Parcelable$Creator CREATOR
com.google.android.gms.fitness.service.FitnessSensorServiceRequest: android.os.Parcelable$Creator CREATOR
com.google.android.gms.games.GameEntity: android.os.Parcelable$Creator CREATOR
com.google.android.gms.games.PlayerEntity: android.os.Parcelable$Creator CREATOR
com.google.android.gms.games.PlayerLevel: android.os.Parcelable$Creator CREATOR
com.google.android.gms.games.PlayerLevelInfo: android.os.Parcelable$Creator CREATOR
com.google.android.gms.games.achievement.AchievementEntity: android.os.Parcelable$Creator CREATOR
com.google.android.gms.games.multiplayer.InvitationEntity: android.os.Parcelable$Creator CREATOR
com.google.android.gms.games.multiplayer.ParticipantEntity: android.os.Parcelable$Creator CREATOR
com.google.android.gms.games.multiplayer.ParticipantResult: android.os.Parcelable$Creator CREATOR
com.google.android.gms.games.multiplayer.realtime.RealTimeMessage: android.os.Parcelable$Creator CREATOR
com.google.android.gms.games.multiplayer.realtime.RoomEntity: android.os.Parcelable$Creator CREATOR
com.google.android.gms.games.multiplayer.turnbased.TurnBasedMatchEntity: android.os.Parcelable$Creator CREATOR
com.google.android.gms.games.quest.MilestoneEntity: android.os.Parcelable$Creator CREATOR
com.google.android.gms.games.quest.QuestEntity: android.os.Parcelable$Creator CREATOR
com.google.android.gms.games.request.GameRequestEntity: android.os.Parcelable$Creator CREATOR
com.google.android.gms.games.snapshot.SnapshotEntity: android.os.Parcelable$Creator CREATOR
com.google.android.gms.games.snapshot.SnapshotMetadataEntity: android.os.Parcelable$Creator CREATOR
com.google.android.gms.gcm.OneoffTask: android.os.Parcelable$Creator CREATOR
com.google.android.gms.gcm.PendingCallback: android.os.Parcelable$Creator CREATOR
com.google.android.gms.gcm.PeriodicTask: android.os.Parcelable$Creator CREATOR
com.google.android.gms.identity.intents.UserAddressRequest: android.os.Parcelable$Creator CREATOR
com.google.android.gms.identity.intents.model.CountrySpecification: android.os.Parcelable$Creator CREATOR
com.google.android.gms.identity.intents.model.UserAddress: android.os.Parcelable$Creator CREATOR
com.google.android.gms.iid.MessengerCompat: android.os.Parcelable$Creator CREATOR
com.google.android.gms.internal.zzad: com.google.android.gms.internal.zzad[] values()
com.google.android.gms.internal.zzad: com.google.android.gms.internal.zzad valueOf(java.lang.String)
com.google.android.gms.internal.zzae: com.google.android.gms.internal.zzae[] values()
com.google.android.gms.internal.zzae: com.google.android.gms.internal.zzae valueOf(java.lang.String)
com.google.android.gms.internal.zzig: android.webkit.WebView getWebView()
com.google.android.gms.internal.zzig: void setContext(android.content.Context)
com.google.android.gms.internal.zzig: int getRequestedOrientation()
com.google.android.gms.internal.zzig: void setRequestedOrientation(int)
com.google.android.gms.internal.zzjr: com.google.android.gms.internal.zzjr[] values()
com.google.android.gms.internal.zzjr: com.google.android.gms.internal.zzjr valueOf(java.lang.String)