Source/proguard_logs/mapping.txt
com.jtronlabs.space_shooter.GameActivity -> com.jtronlabs.space_shooter.GameActivity:
    boolean canBeginShooting -> c
    boolean beginShootingRunnablePosted -> d
    android.widget.ImageButton btnMove -> e
    android.widget.ImageButton btnShoot -> f
    android.widget.ImageButton storeNextLevel -> g
    android.widget.RelativeLayout storeIncBulletDmg -> h
    android.widget.RelativeLayout storeIncdefense -> i
    android.widget.RelativeLayout storeIncBulletFreq -> j
    android.widget.RelativeLayout storeIncScoreWeight -> k
    android.widget.RelativeLayout storeNewGun -> l
    android.widget.RelativeLayout storeRepair -> m
    android.widget.RelativeLayout storePurchaseFriend -> n
    helpers.GameTextView resourceCount -> o
    helpers.GameTextView levelCount -> p
    helpers.GameTextView scoreInGame -> q
    helpers.GameTextView progressInLevel -> r
    android.widget.ProgressBar healthBar -> s
    android.widget.ProgressBar healthBarStore -> t
    friendlies.ProtagonistView protagonist -> a
    friendlies.AllyView ally -> u
    android.widget.ImageView rocketExhaust -> b
    android.widget.RelativeLayout gameLayout -> v
    android.widget.RelativeLayout storeLayout -> w
    android.widget.ScrollView storeScrollView -> x
    com.google.android.gms.ads.AdView adView -> y
    boolean isGameOver -> z
    int scoreAtGameOver -> A
    int levelAtGameOver -> B
    levels.LevelSystem levelCreator -> C
    void <init>() -> <init>
com.jtronlabs.space_shooter.GameActivity$1 -> com.jtronlabs.space_shooter.a:
    com.jtronlabs.space_shooter.GameActivity this$0 -> a
    void <init>(com.jtronlabs.space_shooter.GameActivity) -> <init>
    void doWork() -> a
com.jtronlabs.space_shooter.GameActivity$2 -> com.jtronlabs.space_shooter.b:
    com.jtronlabs.space_shooter.GameActivity this$0 -> a
    void <init>(com.jtronlabs.space_shooter.GameActivity) -> <init>
    void onClick(android.content.DialogInterface,int) -> onClick
com.jtronlabs.space_shooter.GameActivity$3 -> com.jtronlabs.space_shooter.c:
    com.jtronlabs.space_shooter.GameActivity this$0 -> a
    void <init>(com.jtronlabs.space_shooter.GameActivity) -> <init>
    void onClick(android.content.DialogInterface,int) -> onClick
com.jtronlabs.space_shooter.GameLoop -> com.jtronlabs.space_shooter.d:
    java.util.ArrayList friendlyBullets -> a
    java.util.ArrayList enemyBullets -> b
    java.util.ArrayList friendlies -> c
    java.util.ArrayList enemies -> d
    java.util.ArrayList bonuses -> e
    java.util.ArrayList specialEffects -> f
    long targetFrameRate -> g
    long timeAtLastPhysicsUpdate -> h
    long timeAtLastRenderingUpdate -> i
    long timeAtLastSpawn -> j
    android.os.Handler gameLoopHandler -> k
    com.jtronlabs.space_shooter.GameLoop myGameLoop -> l
    void <init>() -> <init>
    long targetFrameRate() -> a
    com.jtronlabs.space_shooter.GameLoop instance() -> b
    void startLevelAndLoop(android.content.Context,levels.LevelSystem) -> a
    void stopLevelAndLoop() -> c
    void updateAllViewSpeeds(long) -> a
    void updateAllViewsPhysicalPositions(long) -> b
    void removeAllViewsReadyToBeRemoved() -> d
    void renderAllViewsPositions() -> e
    long access$000(com.jtronlabs.space_shooter.GameLoop) -> a
    void access$100(com.jtronlabs.space_shooter.GameLoop,long) -> a
    void access$200(com.jtronlabs.space_shooter.GameLoop,long) -> b
    long access$002(com.jtronlabs.space_shooter.GameLoop,long) -> c
    android.os.Handler access$300(com.jtronlabs.space_shooter.GameLoop) -> b
    long access$400(com.jtronlabs.space_shooter.GameLoop) -> c
    void access$500(com.jtronlabs.space_shooter.GameLoop) -> d
    void access$600(com.jtronlabs.space_shooter.GameLoop) -> e
com.jtronlabs.space_shooter.GameLoop$1 -> com.jtronlabs.space_shooter.e:
    boolean val$currentActivityIsTheGame -> a
    com.jtronlabs.space_shooter.GameLoop this$0 -> b
    void <init>(com.jtronlabs.space_shooter.GameLoop,boolean) -> <init>
    void doWork() -> a
...
com.google.android.gms.common.zzc$zzaa -> com.google.android.gms.b.k:
    com.google.android.gms.common.zzc$zza[] zzVR -> a
    void <clinit>() -> <clinit>
com.google.android.gms.common.zzc$zzaa$1 -> com.google.android.gms.b.l:
    void <init>(byte[]) -> <init>
    byte[] zzmk() -> b
com.google.android.gms.common.zzc$zzaa$2 -> com.google.android.gms.b.m:
    void <init>(byte[]) -> <init>
    byte[] zzmk() -> b
com.google.android.gms.common.zzc$zzab -> com.google.android.gms.b.n:
    com.google.android.gms.common.zzc$zza[] zzVR -> a
    void <clinit>() -> <clinit>
com.google.android.gms.common.zzc$zzab$1 -> com.google.android.gms.b.o:
    void <init>(byte[]) -> <init>
    byte[] zzmk() -> b
com.google.android.gms.common.zzc$zzab$2 -> com.google.android.gms.b.p:
    void <init>(byte[]) -> <init>
    byte[] zzmk() -> b
com.google.android.gms.common.zzc$zzac -> com.google.android.gms.b.q:
    com.google.android.gms.common.zzc$zza[] zzVR -> a
    void <clinit>() -> <clinit>
com.google.android.gms.common.zzc$zzac$1 -> com.google.android.gms.b.r:
    void <init>(byte[]) -> <init>
    byte[] zzmk() -> b
com.google.android.gms.common.zzc$zzac$2 -> com.google.android.gms.b.s:
    void <init>(byte[]) -> <init>
    byte[] zzmk() -> b
com.google.android.gms.common.zzc$zzad -> com.google.android.gms.b.t:
    com.google.android.gms.common.zzc$zza[] zzVR -> a
    void <clinit>() -> <clinit>
com.google.android.gms.common.zzc$zzad$1 -> com.google.android.gms.b.u:
    void <init>(byte[]) -> <init>
    byte[] zzmk() -> b
com.google.android.gms.common.zzc$zzad$2 -> com.google.android.gms.b.v:
    void <init>(byte[]) -> <init>
    byte[] zzmk() -> b
com.google.android.gms.common.zzc$zzae -> com.google.android.gms.b.w:
    com.google.android.gms.common.zzc$zza[] zzVR -> a
    void <clinit>() -> <clinit>
com.google.android.gms.common.zzc$zzae$1 -> com.google.android.gms.b.x:
    void <init>(byte[]) -> <init>
    byte[] zzmk() -> b
com.google.android.gms.common.zzc$zzae$2 -> com.google.android.gms.b.y:
    void <init>(byte[]) -> <init>
    byte[] zzmk() -> b
com.google.android.gms.common.zzc$zzaf -> com.google.android.gms.b.z:
    com.google.android.gms.common.zzc$zza[] zzVR -> a
    void <clinit>() -> <clinit>
com.google.android.gms.common.zzc$zzaf$1 -> com.google.android.gms.b.aa:
    void <init>(byte[]) -> <init>
    byte[] zzmk() -> b
com.google.android.gms.common.zzc$zzaf$2 -> com.google.android.gms.b.ab:
    void <init>(byte[]) -> <init>
    byte[] zzmk() -> b
com.google.android.gms.common.zzc$zzag -> com.google.android.gms.b.ac:
    com.google.android.gms.common.zzc$zza[] zzVR -> a
    void <clinit>() -> <clinit>
com.google.android.gms.common.zzc$zzag$1 -> com.google.android.gms.b.ad:
    void <init>(byte[]) -> <init>
    byte[] zzmk() -> b
com.google.android.gms.common.zzc$zzag$2 -> com.google.android.gms.b.ae:
    void <init>(byte[]) -> <init>
    byte[] zzmk() -> b
com.google.android.gms.common.zzc$zzah -> com.google.android.gms.b.af:
    com.google.android.gms.common.zzc$zza[] zzVR -> a
    void <clinit>() -> <clinit>
com.google.android.gms.common.zzc$zzah$1 -> com.google.android.gms.b.ag:
    void <init>(byte[]) -> <init>
    byte[] zzmk() -> b
com.google.android.gms.common.zzc$zzah$2 -> com.google.android.gms.b.ah:
    void <init>(byte[]) -> <init>
    byte[] zzmk() -> b
com.google.android.gms.common.zzc$zzai -> com.google.android.gms.b.ai:
    com.google.android.gms.common.zzc$zza[] zzVR -> a
    void <clinit>() -> <clinit>
com.google.android.gms.common.zzc$zzai$1 -> com.google.android.gms.b.aj:
    void <init>(byte[]) -> <init>
    byte[] zzmk() -> b
com.google.android.gms.common.zzc$zzai$2 -> com.google.android.gms.b.ak:
    void <init>(byte[]) -> <init>
    byte[] zzmk() -> b
com.google.android.gms.common.zzc$zzaj -> com.google.android.gms.b.al:
    com.google.android.gms.common.zzc$zza[] zzVR -> a
    void <clinit>() -> <clinit>