Source/proguard_logs/usage.txt
com.jtronlabs.space_shooter.BuildConfig
com.jtronlabs.space_shooter.GameActivity:
    public static final java.lang.String GAME_STATE_PREFS
    public static final java.lang.String STATE_HEALTH
    public static final java.lang.String STATE_RESOURCES
    public static final java.lang.String STATE_TOTAL_RESOURCES
    public static final java.lang.String STATE_GUN_CONFIG
    public static final java.lang.String STATE_BULLET_FREQ_LEVEL
    public static final java.lang.String STATE_BULLET_DAMAGE_LEVEL
    public static final java.lang.String STATE_DEFENSE_LEVEL
    public static final java.lang.String STATE_RESOURCE_MULTIPLIER_LEVEL
    public static final java.lang.String STATE_FRIEND_LEVEL
    public static final java.lang.String STATE_LEVEL
    559:560:public void setScore(int)
com.jtronlabs.space_shooter.GameLoop:
    private static final long TIME_BETWEEN_SPAWNS
    private static final long MIN_TICK_TIME
    private static final long DEFAULT_FRAME_RATE
    private static final long DEFAULT_TIME_BETWEEN_FRAMES
    public static final double TIME_BTW_PHYSICS_FRAMES
com.jtronlabs.space_shooter.MainActivity:
    public static final java.lang.String GAME_SETTING_PREFS
    public static final java.lang.String VIBRATE_PREF
    public static final java.lang.String SOUND_PREF
    public static final java.lang.String GAME_META_DATA_PREFS
    public static final java.lang.String HIGHEST_SCORE
    public static final java.lang.String MAX_LEVEL
com.jtronlabs.space_shooter.R:
    10:1031:public R()
com.jtronlabs.space_shooter.R$array
com.jtronlabs.space_shooter.R$attr
com.jtronlabs.space_shooter.R$color
com.jtronlabs.space_shooter.R$dimen
com.jtronlabs.space_shooter.R$drawable
com.jtronlabs.space_shooter.R$id
com.jtronlabs.space_shooter.R$integer
com.jtronlabs.space_shooter.R$layout
com.jtronlabs.space_shooter.R$raw
com.jtronlabs.space_shooter.R$string
com.jtronlabs.space_shooter.R$style
com.jtronlabs.space_shooter.R$styleable:
    1031:1031:public R$styleable()
...
com.google.android.gms.maps.model.TileProvider
com.google.android.gms.maps.model.UrlTileProvider
com.google.android.gms.maps.model.VisibleRegion
com.google.android.gms.maps.model.internal.BitmapDescriptorParcelable
com.google.android.gms.maps.model.internal.CameraUpdateParcelable
com.google.android.gms.maps.model.internal.GroundOverlayOptionsParcelable
com.google.android.gms.maps.model.internal.IPolylineDelegate
com.google.android.gms.maps.model.internal.IPolylineDelegate$zza
com.google.android.gms.maps.model.internal.IPolylineDelegate$zza$zza
com.google.android.gms.maps.model.internal.MarkerOptionsParcelable
com.google.android.gms.maps.model.internal.zza
com.google.android.gms.maps.model.internal.zzb
com.google.android.gms.maps.model.internal.zzc
com.google.android.gms.maps.model.internal.zzd
com.google.android.gms.maps.model.internal.zzd$zza
com.google.android.gms.maps.model.internal.zzd$zza$zza
com.google.android.gms.maps.model.internal.zze
com.google.android.gms.maps.model.internal.zze$zza
com.google.android.gms.maps.model.internal.zze$zza$zza
com.google.android.gms.maps.model.internal.zzf
com.google.android.gms.maps.model.internal.zzf$zza
com.google.android.gms.maps.model.internal.zzf$zza$zza
com.google.android.gms.maps.model.internal.zzg
com.google.android.gms.maps.model.internal.zzg$zza
com.google.android.gms.maps.model.internal.zzg$zza$zza
com.google.android.gms.maps.model.internal.zzh
com.google.android.gms.maps.model.internal.zzh$zza
com.google.android.gms.maps.model.internal.zzh$zza$zza
com.google.android.gms.maps.model.internal.zzi
com.google.android.gms.maps.model.internal.zzi$zza
com.google.android.gms.maps.model.internal.zzi$zza$zza
com.google.android.gms.maps.model.internal.zzj
com.google.android.gms.maps.model.internal.zzj$zza
com.google.android.gms.maps.model.internal.zzj$zza$zza
com.google.android.gms.maps.model.internal.zzk
com.google.android.gms.maps.model.internal.zzk$zza
com.google.android.gms.maps.model.internal.zzk$zza$zza
com.google.android.gms.maps.model.internal.zzl
com.google.android.gms.maps.model.internal.zzl$zza
com.google.android.gms.maps.model.internal.zzl$zza$zza
com.google.android.gms.maps.model.internal.zzm
com.google.android.gms.maps.model.zza
com.google.android.gms.maps.model.zzb
com.google.android.gms.maps.model.zzc
com.google.android.gms.maps.model.zzd
com.google.android.gms.maps.model.zze
com.google.android.gms.maps.model.zzf
com.google.android.gms.maps.model.zzg
com.google.android.gms.maps.model.zzh
com.google.android.gms.maps.model.zzi
com.google.android.gms.maps.model.zzj
com.google.android.gms.maps.model.zzk
com.google.android.gms.maps.model.zzl
com.google.android.gms.maps.model.zzm
com.google.android.gms.maps.model.zzn
com.google.android.gms.maps.model.zzo
com.google.android.gms.maps.zza
com.google.android.gms.maps.zzb
com.google.android.gms.nearby.Nearby
com.google.android.gms.nearby.bootstrap.Device
com.google.android.gms.nearby.bootstrap.request.ConnectRequest
com.google.android.gms.nearby.bootstrap.request.ContinueConnectRequest
com.google.android.gms.nearby.bootstrap.request.DisableTargetRequest
com.google.android.gms.nearby.bootstrap.request.DisconnectRequest
com.google.android.gms.nearby.bootstrap.request.EnableTargetRequest
com.google.android.gms.nearby.bootstrap.request.SendDataRequest
com.google.android.gms.nearby.bootstrap.request.StartScanRequest
com.google.android.gms.nearby.bootstrap.request.StopScanRequest
com.google.android.gms.nearby.bootstrap.request.zza
com.google.android.gms.nearby.bootstrap.request.zzb
com.google.android.gms.nearby.bootstrap.request.zzc
com.google.android.gms.nearby.bootstrap.request.zzd
com.google.android.gms.nearby.bootstrap.request.zze
com.google.android.gms.nearby.bootstrap.request.zzf
com.google.android.gms.nearby.bootstrap.request.zzg
com.google.android.gms.nearby.bootstrap.request.zzh
com.google.android.gms.nearby.bootstrap.zza
com.google.android.gms.nearby.bootstrap.zzb
com.google.android.gms.nearby.connection.AppIdentifier